  FileName.cpp
D:\lap trinh\C++\bai mo dau\Bai_tap_tuan_13\FileName.cpp(45,21): warning C4566: character represented by universal-character-name '\u0111' cannot be represented in the current code page (1252)
D:\lap trinh\C++\bai mo dau\Bai_tap_tuan_13\FileName.cpp(45,21): warning C4566: character represented by universal-character-name '\u1EE3' cannot be represented in the current code page (1252)
D:\lap trinh\C++\bai mo dau\Bai_tap_tuan_13\FileName.cpp(45,21): warning C4566: character represented by universal-character-name '\u1ED7' cannot be represented in the current code page (1252)
D:\lap trinh\C++\bai mo dau\Bai_tap_tuan_13\FileName.cpp(88,25): warning C4566: character represented by universal-character-name '\u1EA3' cannot be represented in the current code page (1252)
D:\lap trinh\C++\bai mo dau\Bai_tap_tuan_13\FileName.cpp(88,25): warning C4566: character represented by universal-character-name '\u1EA9' cannot be represented in the current code page (1252)
D:\lap trinh\C++\bai mo dau\Bai_tap_tuan_13\FileName.cpp(90,24): warning C4566: character represented by universal-character-name '\u1ED1' cannot be represented in the current code page (1252)
D:\lap trinh\C++\bai mo dau\Bai_tap_tuan_13\FileName.cpp(90,24): warning C4566: character represented by universal-character-name '\u01B0' cannot be represented in the current code page (1252)
D:\lap trinh\C++\bai mo dau\Bai_tap_tuan_13\FileName.cpp(90,24): warning C4566: character represented by universal-character-name '\u1EE3' cannot be represented in the current code page (1252)
D:\lap trinh\C++\bai mo dau\Bai_tap_tuan_13\FileName.cpp(101,40): warning C4566: character represented by universal-character-name '\u1EEF' cannot be represented in the current code page (1252)
D:\lap trinh\C++\bai mo dau\Bai_tap_tuan_13\FileName.cpp(102,38): warning C4566: character represented by universal-character-name '\u1EEF' cannot be represented in the current code page (1252)
D:\lap trinh\C++\bai mo dau\Bai_tap_tuan_13\FileName.cpp(102,59): warning C4566: character represented by universal-character-name '\u1EE9' cannot be represented in the current code page (1252)
D:\lap trinh\C++\bai mo dau\Bai_tap_tuan_13\FileName.cpp(103,57): warning C4566: character represented by universal-character-name '\u1EEF' cannot be represented in the current code page (1252)
D:\lap trinh\C++\bai mo dau\Bai_tap_tuan_13\FileName.cpp(105,13): warning C4566: character represented by universal-character-name '\u0111' cannot be represented in the current code page (1252)
D:\lap trinh\C++\bai mo dau\Bai_tap_tuan_13\FileName.cpp(105,13): warning C4566: character represented by universal-character-name '\u1EE3' cannot be represented in the current code page (1252)
D:\lap trinh\C++\bai mo dau\Bai_tap_tuan_13\FileName.cpp(105,13): warning C4566: character represented by universal-character-name '\u1EA7' cannot be represented in the current code page (1252)
D:\lap trinh\C++\bai mo dau\Bai_tap_tuan_13\FileName.cpp(109,13): warning C4566: character represented by universal-character-name '\u0111' cannot be represented in the current code page (1252)
D:\lap trinh\C++\bai mo dau\Bai_tap_tuan_13\FileName.cpp(109,13): warning C4566: character represented by universal-character-name '\u1EA7' cannot be represented in the current code page (1252)
D:\lap trinh\C++\bai mo dau\Bai_tap_tuan_13\FileName.cpp(114,13): warning C4566: character represented by universal-character-name '\u1ED5' cannot be represented in the current code page (1252)
D:\lap trinh\C++\bai mo dau\Bai_tap_tuan_13\FileName.cpp(117,13): warning C4566: character represented by universal-character-name '\u1ED1' cannot be represented in the current code page (1252)
D:\lap trinh\C++\bai mo dau\Bai_tap_tuan_13\FileName.cpp(117,13): warning C4566: character represented by universal-character-name '\u01B0' cannot be represented in the current code page (1252)
D:\lap trinh\C++\bai mo dau\Bai_tap_tuan_13\FileName.cpp(117,13): warning C4566: character represented by universal-character-name '\u1EE3' cannot be represented in the current code page (1252)
D:\lap trinh\C++\bai mo dau\Bai_tap_tuan_13\FileName.cpp(117,13): warning C4566: character represented by universal-character-name '\u1EEF' cannot be represented in the current code page (1252)
D:\lap trinh\C++\bai mo dau\Bai_tap_tuan_13\FileName.cpp(117,13): warning C4566: character represented by universal-character-name '\u0111' cannot be represented in the current code page (1252)
D:\lap trinh\C++\bai mo dau\Bai_tap_tuan_13\FileName.cpp(117,71): warning C4566: character represented by universal-character-name '\u1EEF' cannot be represented in the current code page (1252)
  Bai_tap_tuan_13.vcxproj -> D:\lap trinh\C++\bai mo dau\Bai_tap_tuan_13\x64\Debug\Bai_tap_tuan_13.exe
